<?xml version="1.0" encoding="UTF-8"?>
<!-- Generated by org.testng.reporters.JUnitReportReporter -->
<testsuite skipped="0" hostname="DESKTOP-K7RD84J" name="test.day2" tests="1" failures="0" timestamp="06 Nov 2018 15:34:00 GMT" time="0.010" errors="0">
  <testcase name="ploan" time="0.010" classname="test.day2"/>
</testsuite> <!-- test.day2 -->
