<?xml version="1.0" encoding="UTF-8"?>
<!-- Generated by org.testng.reporters.JUnitReportReporter -->
<testsuite skipped="0" hostname="DESKTOP-K7RD84J" name="test.day3" tests="2" failures="0" timestamp="06 Nov 2018 15:34:00 GMT" time="0.010" errors="0">
  <testcase name="WebLoginCarLoan" time="0.005" classname="test.day3"/>
  <testcase name="LoginAPICarLoan" time="0.005" classname="test.day3"/>
</testsuite> <!-- test.day3 -->
