<?xml version="1.0" encoding="UTF-8"?>
<!-- Generated by org.testng.reporters.JUnitReportReporter -->
<testsuite skipped="0" hostname="DESKTOP-K7RD84J" name="test.day1" tests="2" failures="0" timestamp="06 Nov 2018 15:34:00 GMT" time="0.025" errors="0">
  <testcase name="SecondTest" time="0.006" classname="test.day1"/>
  <testcase name="Demo" time="0.019" classname="test.day1"/>
</testsuite> <!-- test.day1 -->
