<?xml version="1.0" encoding="UTF-8"?>
<!-- Generated by org.testng.reporters.JUnitReportReporter -->
<testsuite skipped="0" hostname="DESKTOP-K7RD84J" name="test.day4" tests="3" failures="0" timestamp="06 Nov 2018 15:34:00 GMT" time="0.011" errors="0">
  <testcase name="LoginAPIhomeLoan" time="0.002" classname="test.day4"/>
  <testcase name="WebLoginhomeLoan" time="0.006" classname="test.day4"/>
  <testcase name="MobileLoginhomeLoan" time="0.003" classname="test.day4"/>
</testsuite> <!-- test.day4 -->
