<?xml version="1.0" encoding="UTF-8"?>
<!-- Generated by org.testng.reporters.JUnitReportReporter -->
<testsuite skipped="0" hostname="DESKTOP-K7RD84J" name="test.day1" tests="2" failures="0" timestamp="06 Nov 2018 01:11:46 GMT" time="0.028" errors="0">
  <testcase name="Demo" time="0.024" classname="test.day1"/>
  <testcase name="SecondTest" time="0.004" classname="test.day1"/>
</testsuite> <!-- test.day1 -->
