<?xml version="1.0" encoding="UTF-8"?>
<!-- Generated by org.testng.reporters.JUnitReportReporter -->
<testsuite skipped="0" hostname="DESKTOP-K7RD84J" name="test.day1" tests="2" failures="0" timestamp="08 Nov 2018 13:30:48 GMT" time="15.204" errors="0">
  <testcase name="Day1First" time="7.179" classname="test.day1"/>
  <testcase name="Day1Second" time="8.025" classname="test.day1"/>
</testsuite> <!-- test.day1 -->
