<?xml version="1.0" encoding="UTF-8"?>
<!-- Generated by org.testng.reporters.JUnitReportReporter -->
<testsuite skipped="0" hostname="DESKTOP-K7RD84J" name="test.TestBase" tests="3" failures="0" timestamp="08 Nov 2018 13:45:03 GMT" time="11.686" errors="0">
  <testcase name="OpenBrowserToSite" time="11.668" classname="test.TestBase"/>
  <testcase name="Day1First" time="0.016" classname="test.TestBase"/>
  <testcase name="Day1Second" time="0.002" classname="test.TestBase"/>
</testsuite> <!-- test.TestBase -->
